Added Component: Designator=C1(0603p)
Added Component: Designator=C2(0603p)
Added Component: Designator=C3(0603p)
Added Component: Designator=C4(0603p)
Added Component: Designator=C5(0603p)
Added Component: Designator=C6(0603p)
Added Component: Designator=C7(0603p)
Added Component: Designator=C8(0603p)
Added Component: Designator=C9(0603p)
Added Component: Designator=C10(0603p)
Added Component: Designator=C11(0603p)
Added Component: Designator=D1(LED)
Added Component: Designator=D2(LED)
Added Component: Designator=D3(LED)
Added Component: Designator=D4(LED)
Added Component: Designator=D5(LED)
Added Component: Designator=D6(LED)
Added Component: Designator=D7(LED)
Added Component: Designator=D8(LED)
Added Component: Designator=D9(LED)
Added Component: Designator=D10(LED)
Added Component: Designator=D11(LED)
Added Component: Designator=D12(LED)
Added Component: Designator=D13(LED)
Added Component: Designator=D14(LED)
Added Component: Designator=D15(LED)
Added Component: Designator=D16(LED)
Added Component: Designator=P1(HDR1X8)
Added Component: Designator=R1(0603p)
Added Component: Designator=R2(0603p)
Added Component: Designator=R3(0603p)
Added Component: Designator=R4(0603p)
Added Component: Designator=R5(0603p)
Added Component: Designator=R6(0603p)
Added Component: Designator=R7(0603p)
Added Component: Designator=R8(0603p)
Added Component: Designator=R9(0603p)
Added Component: Designator=R10(0603p)
Added Component: Designator=R11(0603p)
Added Component: Designator=R12(0603p)
Added Component: Designator=R13(0603p)
Added Component: Designator=R14(0603p)
Added Component: Designator=R15(0603p)
Added Component: Designator=R16(0603p)
Added Component: Designator=R17(0603p)
Added Component: Designator=R18(0603p)
Added Component: Designator=R19(0603p)
Added Component: Designator=R20(0603p)
Added Component: Designator=R21(0603p)
Added Component: Designator=R22(0603p)
Added Component: Designator=R23(0603p)
Added Component: Designator=R24(0603p)
Added Component: Designator=R25(0603p)
Added Component: Designator=R26(0603p)
Added Component: Designator=R27(0603p)
Added Component: Designator=R28(0603p)
Added Component: Designator=TouchPad1(TouchKey)
Added Component: Designator=TouchPad2(TouchKey)
Added Component: Designator=TouchPad3(TouchKey)
Added Component: Designator=TouchPad4(TouchKey)
Added Component: Designator=TouchPad5(TouchKey)
Added Component: Designator=TouchPad6(TouchKey)
Added Component: Designator=TouchPad7(TouchKey)
Added Component: Designator=TouchPad8(TouchKey)
Added Component: Designator=TouchPad9(TouchKey)
Added Component: Designator=TouchPad10(TouchKey)
Added Component: Designator=TouchPad11(TouchKey)
Added Component: Designator=TouchPad12(TouchKey)
Added Component: Designator=TouchPad13(TouchKey)
Added Component: Designator=TouchPad14(TouchKey)
Added Component: Designator=TouchPad15(TouchKey)
Added Component: Designator=TouchPad16(TouchKey)
Added Component: Designator=U1(LC-SSOP-28_150mil)
Added Component: Designator=U2(LC-SOP-16_150mil)
Added Component: Designator=U3(LC-SOP-16_150mil)
Added Component: Designator=V1(SOT-23R)
Added Component: Designator=V2(SOT-23R)
Added Pin To Net: NetName=+3.3 Pin=C1-1
Added Pin To Net: NetName=+3.3 Pin=C2-1
Added Pin To Net: NetName=+3.3 Pin=C10-1
Added Pin To Net: NetName=+3.3 Pin=D1-1
Added Pin To Net: NetName=+3.3 Pin=D1-2
Added Pin To Net: NetName=+3.3 Pin=D2-1
Added Pin To Net: NetName=+3.3 Pin=D2-2
Added Pin To Net: NetName=+3.3 Pin=D3-1
Added Pin To Net: NetName=+3.3 Pin=D3-2
Added Pin To Net: NetName=+3.3 Pin=D4-1
Added Pin To Net: NetName=+3.3 Pin=D4-2
Added Pin To Net: NetName=+3.3 Pin=D5-1
Added Pin To Net: NetName=+3.3 Pin=D5-2
Added Pin To Net: NetName=+3.3 Pin=D6-1
Added Pin To Net: NetName=+3.3 Pin=D6-2
Added Pin To Net: NetName=+3.3 Pin=D7-1
Added Pin To Net: NetName=+3.3 Pin=D7-2
Added Pin To Net: NetName=+3.3 Pin=D8-1
Added Pin To Net: NetName=+3.3 Pin=D8-2
Added Pin To Net: NetName=+3.3 Pin=D9-1
Added Pin To Net: NetName=+3.3 Pin=D9-2
Added Pin To Net: NetName=+3.3 Pin=D10-1
Added Pin To Net: NetName=+3.3 Pin=D10-2
Added Pin To Net: NetName=+3.3 Pin=D11-1
Added Pin To Net: NetName=+3.3 Pin=D11-2
Added Pin To Net: NetName=+3.3 Pin=D12-1
Added Pin To Net: NetName=+3.3 Pin=D12-2
Added Pin To Net: NetName=+3.3 Pin=D13-1
Added Pin To Net: NetName=+3.3 Pin=D13-2
Added Pin To Net: NetName=+3.3 Pin=D14-1
Added Pin To Net: NetName=+3.3 Pin=D14-2
Added Pin To Net: NetName=+3.3 Pin=D15-1
Added Pin To Net: NetName=+3.3 Pin=D15-2
Added Pin To Net: NetName=+3.3 Pin=D16-1
Added Pin To Net: NetName=+3.3 Pin=D16-2
Added Pin To Net: NetName=+3.3 Pin=R11-1
Added Pin To Net: NetName=+3.3 Pin=R12-1
Added Pin To Net: NetName=+3.3 Pin=U1-27
Added Pin To Net: NetName=+3.3 Pin=U2-16
Added Net: Name=+3.3
Added Pin To Net: NetName=+3.3V Pin=C11-1
Added Pin To Net: NetName=+3.3V Pin=P1-1
Added Pin To Net: NetName=+3.3V Pin=R1-2
Added Pin To Net: NetName=+3.3V Pin=U2-10
Added Pin To Net: NetName=+3.3V Pin=U3-10
Added Pin To Net: NetName=+3.3V Pin=U3-16
Added Pin To Net: NetName=+3.3V Pin=V1-2
Added Net: Name=+3.3V
Added Pin To Net: NetName=595_CLK Pin=P1-8
Added Pin To Net: NetName=595_CLK Pin=U2-11
Added Pin To Net: NetName=595_CLK Pin=U3-11
Added Net: Name=595_CLK
Added Pin To Net: NetName=595_DAT Pin=P1-6
Added Pin To Net: NetName=595_DAT Pin=U2-14
Added Net: Name=595_DAT
Added Pin To Net: NetName=595_ST Pin=P1-7
Added Pin To Net: NetName=595_ST Pin=U2-12
Added Pin To Net: NetName=595_ST Pin=U3-12
Added Net: Name=595_ST
Added Pin To Net: NetName=GND Pin=C1-2
Added Pin To Net: NetName=GND Pin=C2-2
Added Pin To Net: NetName=GND Pin=C3-1
Added Pin To Net: NetName=GND Pin=C4-1
Added Pin To Net: NetName=GND Pin=C5-2
Added Pin To Net: NetName=GND Pin=C6-2
Added Pin To Net: NetName=GND Pin=C7-1
Added Pin To Net: NetName=GND Pin=C8-2
Added Pin To Net: NetName=GND Pin=C9-2
Added Pin To Net: NetName=GND Pin=C10-2
Added Pin To Net: NetName=GND Pin=C11-2
Added Pin To Net: NetName=GND Pin=D1-4
Added Pin To Net: NetName=GND Pin=D2-4
Added Pin To Net: NetName=GND Pin=D3-4
Added Pin To Net: NetName=GND Pin=D4-4
Added Pin To Net: NetName=GND Pin=D5-4
Added Pin To Net: NetName=GND Pin=D6-4
Added Pin To Net: NetName=GND Pin=D7-4
Added Pin To Net: NetName=GND Pin=D8-4
Added Pin To Net: NetName=GND Pin=D9-4
Added Pin To Net: NetName=GND Pin=D10-4
Added Pin To Net: NetName=GND Pin=D11-4
Added Pin To Net: NetName=GND Pin=D12-4
Added Pin To Net: NetName=GND Pin=D13-4
Added Pin To Net: NetName=GND Pin=D14-4
Added Pin To Net: NetName=GND Pin=D15-4
Added Pin To Net: NetName=GND Pin=D16-4
Added Pin To Net: NetName=GND Pin=P1-2
Added Pin To Net: NetName=GND Pin=R3-2
Added Pin To Net: NetName=GND Pin=R4-2
Added Pin To Net: NetName=GND Pin=R5-2
Added Pin To Net: NetName=GND Pin=R6-2
Added Pin To Net: NetName=GND Pin=R7-2
Added Pin To Net: NetName=GND Pin=R8-2
Added Pin To Net: NetName=GND Pin=R9-2
Added Pin To Net: NetName=GND Pin=U1-21
Added Pin To Net: NetName=GND Pin=U1-28
Added Pin To Net: NetName=GND Pin=U2-8
Added Pin To Net: NetName=GND Pin=U2-13
Added Pin To Net: NetName=GND Pin=U3-8
Added Pin To Net: NetName=GND Pin=U3-13
Added Pin To Net: NetName=GND Pin=V2-2
Added Net: Name=GND
Added Pin To Net: NetName=KYSEL Pin=R4-1
Added Pin To Net: NetName=KYSEL Pin=TouchPad5-1
Added Pin To Net: NetName=KYSEL Pin=U1-3
Added Net: Name=KYSEL
Added Pin To Net: NetName=LED1 Pin=D1-3
Added Pin To Net: NetName=LED1 Pin=R13-2
Added Net: Name=LED1
Added Pin To Net: NetName=LED2 Pin=D3-3
Added Pin To Net: NetName=LED2 Pin=R14-2
Added Net: Name=LED2
Added Pin To Net: NetName=LED3 Pin=D5-3
Added Pin To Net: NetName=LED3 Pin=R15-2
Added Net: Name=LED3
Added Pin To Net: NetName=LED4 Pin=D7-3
Added Pin To Net: NetName=LED4 Pin=R16-2
Added Net: Name=LED4
Added Pin To Net: NetName=LED5 Pin=D9-3
Added Pin To Net: NetName=LED5 Pin=R17-2
Added Net: Name=LED5
Added Pin To Net: NetName=LED6 Pin=D11-3
Added Pin To Net: NetName=LED6 Pin=R18-2
Added Net: Name=LED6
Added Pin To Net: NetName=LED7 Pin=D13-3
Added Pin To Net: NetName=LED7 Pin=R19-2
Added Net: Name=LED7
Added Pin To Net: NetName=LED8 Pin=D15-3
Added Pin To Net: NetName=LED8 Pin=R20-2
Added Net: Name=LED8
Added Pin To Net: NetName=LED9 Pin=D2-3
Added Pin To Net: NetName=LED9 Pin=R21-2
Added Net: Name=LED9
Added Pin To Net: NetName=LED10 Pin=D4-3
Added Pin To Net: NetName=LED10 Pin=R22-2
Added Net: Name=LED10
Added Pin To Net: NetName=LED11 Pin=D6-3
Added Pin To Net: NetName=LED11 Pin=R23-2
Added Net: Name=LED11
Added Pin To Net: NetName=LED12 Pin=D8-3
Added Pin To Net: NetName=LED12 Pin=R24-2
Added Net: Name=LED12
Added Pin To Net: NetName=LED13 Pin=D10-3
Added Pin To Net: NetName=LED13 Pin=R25-2
Added Net: Name=LED13
Added Pin To Net: NetName=LED14 Pin=D12-3
Added Pin To Net: NetName=LED14 Pin=R26-2
Added Net: Name=LED14
Added Pin To Net: NetName=LED15 Pin=D14-3
Added Pin To Net: NetName=LED15 Pin=R27-2
Added Net: Name=LED15
Added Pin To Net: NetName=LED16 Pin=D16-3
Added Pin To Net: NetName=LED16 Pin=R28-2
Added Net: Name=LED16
Added Pin To Net: NetName=NetC3_2 Pin=C3-2
Added Pin To Net: NetName=NetC3_2 Pin=U1-1
Added Net: Name=NetC3_2
Added Pin To Net: NetName=NetC4_2 Pin=C4-2
Added Pin To Net: NetName=NetC4_2 Pin=U1-4
Added Net: Name=NetC4_2
Added Pin To Net: NetName=NetC5_1 Pin=C5-1
Added Pin To Net: NetName=NetC5_1 Pin=U1-24
Added Net: Name=NetC5_1
Added Pin To Net: NetName=NetC6_1 Pin=C6-1
Added Pin To Net: NetName=NetC6_1 Pin=R10-2
Added Pin To Net: NetName=NetC6_1 Pin=V1-3
Added Net: Name=NetC6_1
Added Pin To Net: NetName=NetC7_2 Pin=C7-2
Added Pin To Net: NetName=NetC7_2 Pin=U1-9
Added Net: Name=NetC7_2
Added Pin To Net: NetName=NetC8_1 Pin=C8-1
Added Pin To Net: NetName=NetC8_1 Pin=U1-18
Added Net: Name=NetC8_1
Added Pin To Net: NetName=NetC9_1 Pin=C9-1
Added Pin To Net: NetName=NetC9_1 Pin=U1-15
Added Net: Name=NetC9_1
Added Pin To Net: NetName=NetR2_1 Pin=R2-1
Added Pin To Net: NetName=NetR2_1 Pin=V1-1
Added Net: Name=NetR2_1
Added Pin To Net: NetName=NetR10_1 Pin=R10-1
Added Pin To Net: NetName=NetR10_1 Pin=V2-1
Added Net: Name=NetR10_1
Added Pin To Net: NetName=NetR13_1 Pin=R13-1
Added Pin To Net: NetName=NetR13_1 Pin=U2-15
Added Net: Name=NetR13_1
Added Pin To Net: NetName=NetR14_1 Pin=R14-1
Added Pin To Net: NetName=NetR14_1 Pin=U2-1
Added Net: Name=NetR14_1
Added Pin To Net: NetName=NetR15_1 Pin=R15-1
Added Pin To Net: NetName=NetR15_1 Pin=U2-2
Added Net: Name=NetR15_1
Added Pin To Net: NetName=NetR16_1 Pin=R16-1
Added Pin To Net: NetName=NetR16_1 Pin=U2-3
Added Net: Name=NetR16_1
Added Pin To Net: NetName=NetR17_1 Pin=R17-1
Added Pin To Net: NetName=NetR17_1 Pin=U2-4
Added Net: Name=NetR17_1
Added Pin To Net: NetName=NetR18_1 Pin=R18-1
Added Pin To Net: NetName=NetR18_1 Pin=U2-5
Added Net: Name=NetR18_1
Added Pin To Net: NetName=NetR19_1 Pin=R19-1
Added Pin To Net: NetName=NetR19_1 Pin=U2-6
Added Net: Name=NetR19_1
Added Pin To Net: NetName=NetR20_1 Pin=R20-1
Added Pin To Net: NetName=NetR20_1 Pin=U2-7
Added Net: Name=NetR20_1
Added Pin To Net: NetName=NetR21_1 Pin=R21-1
Added Pin To Net: NetName=NetR21_1 Pin=U3-15
Added Net: Name=NetR21_1
Added Pin To Net: NetName=NetR22_1 Pin=R22-1
Added Pin To Net: NetName=NetR22_1 Pin=U3-1
Added Net: Name=NetR22_1
Added Pin To Net: NetName=NetR23_1 Pin=R23-1
Added Pin To Net: NetName=NetR23_1 Pin=U3-2
Added Net: Name=NetR23_1
Added Pin To Net: NetName=NetR24_1 Pin=R24-1
Added Pin To Net: NetName=NetR24_1 Pin=U3-3
Added Net: Name=NetR24_1
Added Pin To Net: NetName=NetR25_1 Pin=R25-1
Added Pin To Net: NetName=NetR25_1 Pin=U3-4
Added Net: Name=NetR25_1
Added Pin To Net: NetName=NetR26_1 Pin=R26-1
Added Pin To Net: NetName=NetR26_1 Pin=U3-5
Added Net: Name=NetR26_1
Added Pin To Net: NetName=NetR27_1 Pin=R27-1
Added Pin To Net: NetName=NetR27_1 Pin=U3-6
Added Net: Name=NetR27_1
Added Pin To Net: NetName=NetR28_1 Pin=R28-1
Added Pin To Net: NetName=NetR28_1 Pin=U3-7
Added Net: Name=NetR28_1
Added Pin To Net: NetName=NetU2_9 Pin=U2-9
Added Pin To Net: NetName=NetU2_9 Pin=U3-14
Added Net: Name=NetU2_9
Added Pin To Net: NetName=SAHL Pin=R3-1
Added Pin To Net: NetName=SAHL Pin=TouchPad3-1
Added Pin To Net: NetName=SAHL Pin=U1-5
Added Net: Name=SAHL
Added Pin To Net: NetName=SCL Pin=P1-5
Added Pin To Net: NetName=SCL Pin=R12-2
Added Pin To Net: NetName=SCL Pin=U1-14
Added Net: Name=SCL
Added Pin To Net: NetName=SDA Pin=P1-4
Added Pin To Net: NetName=SDA Pin=R2-2
Added Pin To Net: NetName=SDA Pin=R11-2
Added Pin To Net: NetName=SDA Pin=U1-12
Added Net: Name=SDA
Added Pin To Net: NetName=SKMS0 Pin=R6-1
Added Pin To Net: NetName=SKMS0 Pin=TouchPad9-1
Added Pin To Net: NetName=SKMS0 Pin=U1-26
Added Net: Name=SKMS0
Added Pin To Net: NetName=SKMS1 Pin=R5-1
Added Pin To Net: NetName=SKMS1 Pin=TouchPad7-1
Added Pin To Net: NetName=SKMS1 Pin=U1-2
Added Net: Name=SKMS1
Added Pin To Net: NetName=SKSRT Pin=R9-1
Added Pin To Net: NetName=SKSRT Pin=TouchPad15-1
Added Pin To Net: NetName=SKSRT Pin=U1-22
Added Net: Name=SKSRT
Added Pin To Net: NetName=SLWPTM Pin=R8-1
Added Pin To Net: NetName=SLWPTM Pin=TouchPad13-1
Added Pin To Net: NetName=SLWPTM Pin=U1-23
Added Net: Name=SLWPTM
Added Pin To Net: NetName=TP0 Pin=TouchPad1-1
Added Pin To Net: NetName=TP0 Pin=U1-6
Added Net: Name=TP0
Added Pin To Net: NetName=TP5 Pin=R7-1
Added Pin To Net: NetName=TP5 Pin=TouchPad11-1
Added Pin To Net: NetName=TP5 Pin=U1-25
Added Net: Name=TP5
Added Pin To Net: NetName=TP8 Pin=TouchPad2-1
Added Pin To Net: NetName=TP8 Pin=U1-20
Added Net: Name=TP8
Added Pin To Net: NetName=TP9 Pin=TouchPad4-1
Added Pin To Net: NetName=TP9 Pin=U1-19
Added Net: Name=TP9
Added Pin To Net: NetName=TP10 Pin=TouchPad6-1
Added Pin To Net: NetName=TP10 Pin=U1-17
Added Net: Name=TP10
Added Pin To Net: NetName=TP11 Pin=TouchPad8-1
Added Pin To Net: NetName=TP11 Pin=U1-16
Added Net: Name=TP11
Added Pin To Net: NetName=TP12 Pin=TouchPad10-1
Added Pin To Net: NetName=TP12 Pin=U1-11
Added Net: Name=TP12
Added Pin To Net: NetName=TP13 Pin=TouchPad12-1
Added Pin To Net: NetName=TP13 Pin=U1-10
Added Net: Name=TP13
Added Pin To Net: NetName=TP14 Pin=TouchPad14-1
Added Pin To Net: NetName=TP14 Pin=U1-8
Added Net: Name=TP14
Added Pin To Net: NetName=TP15 Pin=TouchPad16-1
Added Pin To Net: NetName=TP15 Pin=U1-7
Added Net: Name=TP15
Added Pin To Net: NetName=TP_INT Pin=P1-3
Added Pin To Net: NetName=TP_INT Pin=R1-1
Added Pin To Net: NetName=TP_INT Pin=V2-3
Added Net: Name=TP_INT
Added Class: Name=Sheet1
Added Room: Name=Sheet1
