Removed Pin From Net: NetName=+3.3 Pin=D1-2
Removed Pin From Net: NetName=+3.3 Pin=D2-2
Removed Pin From Net: NetName=+3.3 Pin=D3-2
Removed Pin From Net: NetName=+3.3 Pin=D4-2
Removed Pin From Net: NetName=+3.3 Pin=D5-2
Removed Pin From Net: NetName=+3.3 Pin=D6-2
Removed Pin From Net: NetName=+3.3 Pin=D7-2
Removed Pin From Net: NetName=+3.3 Pin=D8-2
Removed Pin From Net: NetName=+3.3 Pin=D9-2
Removed Pin From Net: NetName=+3.3 Pin=D10-2
Removed Pin From Net: NetName=+3.3 Pin=D11-2
Removed Pin From Net: NetName=+3.3 Pin=D12-2
Removed Pin From Net: NetName=+3.3 Pin=D13-2
Removed Pin From Net: NetName=+3.3 Pin=D14-2
Removed Pin From Net: NetName=+3.3 Pin=D15-2
Removed Pin From Net: NetName=+3.3 Pin=D16-2
Removed Pin From Net: NetName=LED1 Pin=R13-2
Removed Pin From Net: NetName=LED2 Pin=R14-2
Removed Pin From Net: NetName=LED3 Pin=R15-2
Removed Pin From Net: NetName=LED4 Pin=R16-2
Removed Pin From Net: NetName=LED9 Pin=R21-2
Removed Pin From Net: NetName=LED10 Pin=R22-2
Removed Pin From Net: NetName=LED15 Pin=R27-2
Removed Pin From Net: NetName=LED16 Pin=R28-2
Removed Pin From Net: NetName=NetR14_1 Pin=U2-1
Removed Pin From Net: NetName=NetR15_1 Pin=U2-2
Removed Pin From Net: NetName=NetR16_1 Pin=U2-3
Removed Pin From Net: NetName=NetR13_1 Pin=U2-15
Removed Pin From Net: NetName=NetR22_1 Pin=U3-1
Removed Pin From Net: NetName=NetR27_1 Pin=U3-6
Removed Pin From Net: NetName=NetR28_1 Pin=U3-7
Removed Pin From Net: NetName=NetR21_1 Pin=U3-15
Change Component Designator: OldDesignator=R17 NewDesignator=R23
Change Component Designator: OldDesignator=R18 NewDesignator=R24
Change Component Designator: OldDesignator=R19 NewDesignator=R25
Change Component Designator: OldDesignator=R20 NewDesignator=R26
Change Component Designator: OldDesignator=R23 NewDesignator=R35
Change Component Designator: OldDesignator=R24 NewDesignator=R36
Change Component Designator: OldDesignator=R25 NewDesignator=R37
Change Component Designator: OldDesignator=R26 NewDesignator=R38
Added Component: Designator=R17(0603p)
Added Component: Designator=R18(0603p)
Added Component: Designator=R19(0603p)
Added Component: Designator=R20(0603p)
Added Component: Designator=R29(0603p)
Added Component: Designator=R30(0603p)
Added Component: Designator=R31(0603p)
Added Component: Designator=R32(0603p)
Added Component: Designator=R33(0603p)
Added Component: Designator=R34(0603p)
Added Component: Designator=R39(0603p)
Added Component: Designator=R40(0603p)
Added Component: Designator=R41(0603p)
Added Component: Designator=R42(0603p)
Added Component: Designator=R43(0603p)
Added Component: Designator=R44(0603p)
Added Pin To Net: NetName=NetR13_1 Pin=D1-2
Added Pin To Net: NetName=NetR14_1 Pin=D2-2
Added Pin To Net: NetName=NetR15_1 Pin=D3-2
Added Pin To Net: NetName=NetR16_1 Pin=D4-2
Added Pin To Net: NetName=NetR21_1 Pin=D5-2
Added Pin To Net: NetName=NetR22_1 Pin=D6-2
Added Pin To Net: NetName=NetR27_1 Pin=D7-2
Added Pin To Net: NetName=NetR28_1 Pin=D8-2
Added Pin To Net: NetName=+3.3 Pin=R13-2
Added Pin To Net: NetName=+3.3 Pin=R14-2
Added Pin To Net: NetName=+3.3 Pin=R15-2
Added Pin To Net: NetName=+3.3 Pin=R16-2
Added Pin To Net: NetName=LED1 Pin=R17-2
Added Pin To Net: NetName=LED2 Pin=R18-2
Added Pin To Net: NetName=LED3 Pin=R19-2
Added Pin To Net: NetName=LED4 Pin=R20-2
Added Pin To Net: NetName=+3.3 Pin=R21-2
Added Pin To Net: NetName=+3.3 Pin=R22-2
Added Pin To Net: NetName=+3.3 Pin=R27-2
Added Pin To Net: NetName=+3.3 Pin=R28-2
Added Pin To Net: NetName=+3.3 Pin=R29-2
Added Pin To Net: NetName=+3.3 Pin=R30-2
Added Pin To Net: NetName=LED9 Pin=R31-2
Added Pin To Net: NetName=+3.3 Pin=R32-2
Added Pin To Net: NetName=+3.3 Pin=R33-2
Added Pin To Net: NetName=LED10 Pin=R34-2
Added Pin To Net: NetName=LED15 Pin=R39-2
Added Pin To Net: NetName=+3.3 Pin=R40-2
Added Pin To Net: NetName=+3.3 Pin=R41-2
Added Pin To Net: NetName=LED16 Pin=R42-2
Added Pin To Net: NetName=+3.3 Pin=R43-2
Added Pin To Net: NetName=+3.3 Pin=R44-2
Change Net Name : Old Net Name=NetR13_1 New Net Name=NetD1_2
Change Net Name : Old Net Name=NetR14_1 New Net Name=NetD2_2
Change Net Name : Old Net Name=NetR15_1 New Net Name=NetD3_2
Change Net Name : Old Net Name=NetR16_1 New Net Name=NetD4_2
Change Net Name : Old Net Name=NetR17_1 New Net Name=NetR23_1
Change Net Name : Old Net Name=NetR18_1 New Net Name=NetR24_1
Change Net Name : Old Net Name=NetR19_1 New Net Name=NetR25_1
Change Net Name : Old Net Name=NetR20_1 New Net Name=NetR26_1
Change Net Name : Old Net Name=NetR21_1 New Net Name=NetD5_2
Change Net Name : Old Net Name=NetR22_1 New Net Name=NetD6_2
Change Net Name : Old Net Name=NetR23_1 New Net Name=NetR35_1
Change Net Name : Old Net Name=NetR24_1 New Net Name=NetR36_1
Change Net Name : Old Net Name=NetR25_1 New Net Name=NetR37_1
Change Net Name : Old Net Name=NetR26_1 New Net Name=NetR38_1
Change Net Name : Old Net Name=NetR27_1 New Net Name=NetD7_2
Change Net Name : Old Net Name=NetR28_1 New Net Name=NetD8_2
Added Pin To Net: NetName=NetD9_2 Pin=D9-2
Added Pin To Net: NetName=NetD9_2 Pin=R29-1
Added Net: Name=NetD9_2
Added Pin To Net: NetName=NetD10_2 Pin=D10-2
Added Pin To Net: NetName=NetD10_2 Pin=R30-1
Added Net: Name=NetD10_2
Added Pin To Net: NetName=NetD11_2 Pin=D11-2
Added Pin To Net: NetName=NetD11_2 Pin=R32-1
Added Net: Name=NetD11_2
Added Pin To Net: NetName=NetD12_2 Pin=D12-2
Added Pin To Net: NetName=NetD12_2 Pin=R33-1
Added Net: Name=NetD12_2
Added Pin To Net: NetName=NetD13_2 Pin=D13-2
Added Pin To Net: NetName=NetD13_2 Pin=R40-1
Added Net: Name=NetD13_2
Added Pin To Net: NetName=NetD14_2 Pin=D14-2
Added Pin To Net: NetName=NetD14_2 Pin=R41-1
Added Net: Name=NetD14_2
Added Pin To Net: NetName=NetD15_2 Pin=D15-2
Added Pin To Net: NetName=NetD15_2 Pin=R43-1
Added Net: Name=NetD15_2
Added Pin To Net: NetName=NetD16_2 Pin=D16-2
Added Pin To Net: NetName=NetD16_2 Pin=R44-1
Added Net: Name=NetD16_2
Added Pin To Net: NetName=NetR17_1 Pin=R17-1
Added Pin To Net: NetName=NetR17_1 Pin=U2-15
Added Net: Name=NetR17_1
Added Pin To Net: NetName=NetR18_1 Pin=R18-1
Added Pin To Net: NetName=NetR18_1 Pin=U2-1
Added Net: Name=NetR18_1
Added Pin To Net: NetName=NetR19_1 Pin=R19-1
Added Pin To Net: NetName=NetR19_1 Pin=U2-2
Added Net: Name=NetR19_1
Added Pin To Net: NetName=NetR20_1 Pin=R20-1
Added Pin To Net: NetName=NetR20_1 Pin=U2-3
Added Net: Name=NetR20_1
Added Pin To Net: NetName=NetR31_1 Pin=R31-1
Added Pin To Net: NetName=NetR31_1 Pin=U3-15
Added Net: Name=NetR31_1
Added Pin To Net: NetName=NetR34_1 Pin=R34-1
Added Pin To Net: NetName=NetR34_1 Pin=U3-1
Added Net: Name=NetR34_1
Added Pin To Net: NetName=NetR39_1 Pin=R39-1
Added Pin To Net: NetName=NetR39_1 Pin=U3-6
Added Net: Name=NetR39_1
Added Pin To Net: NetName=NetR42_1 Pin=R42-1
Added Pin To Net: NetName=NetR42_1 Pin=U3-7
Added Net: Name=NetR42_1
Added Member To Class: ClassName=Sheet1 Member=Component R29 150R
Added Member To Class: ClassName=Sheet1 Member=Component R30 150R
Added Member To Class: ClassName=Sheet1 Member=Component R31 150R
Added Member To Class: ClassName=Sheet1 Member=Component R32 150R
Added Member To Class: ClassName=Sheet1 Member=Component R33 150R
Added Member To Class: ClassName=Sheet1 Member=Component R34 150R
Added Member To Class: ClassName=Sheet1 Member=Component R35 150R
Added Member To Class: ClassName=Sheet1 Member=Component R36 150R
Added Member To Class: ClassName=Sheet1 Member=Component R37 150R
Added Member To Class: ClassName=Sheet1 Member=Component R38 150R
Added Member To Class: ClassName=Sheet1 Member=Component R39 150R
Added Member To Class: ClassName=Sheet1 Member=Component R40 150R
Added Member To Class: ClassName=Sheet1 Member=Component R41 150R
Added Member To Class: ClassName=Sheet1 Member=Component R42 150R
Added Member To Class: ClassName=Sheet1 Member=Component R43 150R
Added Member To Class: ClassName=Sheet1 Member=Component R44 150R
Added Room: Name=Sheet1
