Change Component Designator: Old Designator=C1 New Designator=C10
Change Component Designator: Old Designator=C2 New Designator=C1
Change Component Designator: Old Designator=C3 New Designator=C2
Change Component Designator: Old Designator=C9 New Designator=C11
Change Component Designator: Old Designator=C10 New Designator=C6
Change Component Designator: Old Designator=C? New Designator=C3
Change Component Designator: Old Designator=C? New Designator=C4
Change Component Designator: Old Designator=C? New Designator=C5
Change Component Designator: Old Designator=C? New Designator=C7
Change Component Designator: Old Designator=C? New Designator=C8
Change Component Designator: Old Designator=C? New Designator=C9
Change Component Designator: Old Designator=D1 New Designator=D2
Change Component Designator: Old Designator=D1 New Designator=D3
Change Component Designator: Old Designator=D1 New Designator=D4
Change Component Designator: Old Designator=D1 New Designator=D5
Change Component Designator: Old Designator=D1 New Designator=D6
Change Component Designator: Old Designator=D1 New Designator=D7
Change Component Designator: Old Designator=D1 New Designator=D8
Change Component Designator: Old Designator=D1 New Designator=D9
Change Component Designator: Old Designator=D1 New Designator=D10
Change Component Designator: Old Designator=D1 New Designator=D11
Change Component Designator: Old Designator=D1 New Designator=D12
Change Component Designator: Old Designator=D1 New Designator=D13
Change Component Designator: Old Designator=D1 New Designator=D14
Change Component Designator: Old Designator=D1 New Designator=D15
Change Component Designator: Old Designator=D1 New Designator=D16
Change Component Designator: Old Designator=P? New Designator=P1
Change Component Designator: Old Designator=R1 New Designator=R3
Change Component Designator: Old Designator=R2 New Designator=R4
Change Component Designator: Old Designator=R3 New Designator=R1
Change Component Designator: Old Designator=R3 New Designator=R5
Change Component Designator: Old Designator=R4 New Designator=R6
Change Component Designator: Old Designator=R5 New Designator=R2
Change Component Designator: Old Designator=R5 New Designator=R7
Change Component Designator: Old Designator=R6 New Designator=R8
Change Component Designator: Old Designator=R7 New Designator=R9
Change Component Designator: Old Designator=R7 New Designator=R10
Change Component Designator: Old Designator=R8 New Designator=R13
Change Component Designator: Old Designator=R8 New Designator=R21
Change Component Designator: Old Designator=R9 New Designator=R14
Change Component Designator: Old Designator=R9 New Designator=R22
Change Component Designator: Old Designator=R10 New Designator=R15
Change Component Designator: Old Designator=R10 New Designator=R23
Change Component Designator: Old Designator=R11 New Designator=R16
Change Component Designator: Old Designator=R11 New Designator=R24
Change Component Designator: Old Designator=R12 New Designator=R17
Change Component Designator: Old Designator=R12 New Designator=R25
Change Component Designator: Old Designator=R13 New Designator=R18
Change Component Designator: Old Designator=R13 New Designator=R26
Change Component Designator: Old Designator=R14 New Designator=R19
Change Component Designator: Old Designator=R14 New Designator=R27
Change Component Designator: Old Designator=R15 New Designator=R20
Change Component Designator: Old Designator=R15 New Designator=R28
Change Component Designator: Old Designator=R? New Designator=R11
Change Component Designator: Old Designator=R? New Designator=R12
Change Component Designator: Old Designator=TouchPad? New Designator=TouchPad1
Change Component Designator: Old Designator=TouchPad? New Designator=TouchPad2
Change Component Designator: Old Designator=TouchPad? New Designator=TouchPad3
Change Component Designator: Old Designator=TouchPad? New Designator=TouchPad4
Change Component Designator: Old Designator=TouchPad? New Designator=TouchPad5
Change Component Designator: Old Designator=TouchPad? New Designator=TouchPad6
Change Component Designator: Old Designator=TouchPad? New Designator=TouchPad7
Change Component Designator: Old Designator=TouchPad? New Designator=TouchPad8
Change Component Designator: Old Designator=TouchPad? New Designator=TouchPad9
Change Component Designator: Old Designator=TouchPad? New Designator=TouchPad10
Change Component Designator: Old Designator=TouchPad? New Designator=TouchPad11
Change Component Designator: Old Designator=TouchPad? New Designator=TouchPad12
Change Component Designator: Old Designator=TouchPad? New Designator=TouchPad13
Change Component Designator: Old Designator=TouchPad? New Designator=TouchPad14
Change Component Designator: Old Designator=TouchPad? New Designator=TouchPad15
Change Component Designator: Old Designator=TouchPad? New Designator=TouchPad16
Change Component Designator: Old Designator=U1 New Designator=U2
Change Component Designator: Old Designator=V2 New Designator=V1
Change Component Designator: Old Designator=V4 New Designator=V2
